<?xml version="1.0" encoding="UTF-8"?>
<!-- Generated by org.testng.reporters.JUnitReportReporter -->
<testsuite hostname="Godzilla-ASUSDesktop" failures="0" tests="2" name="com.innovationcu.TestCases.Login_TC" time="25.481" errors="0" timestamp="2023-09-26T00:17:03 MDT" skipped="0">
  <testcase classname="com.innovationcu.TestCases.Login_TC" name="LoginPage_Test" time="13.412"/>
  <system-out/>
  <testcase classname="com.innovationcu.TestCases.Login_TC" name="openCredentialwebsite_Test" time="12.069"/>
  <system-out/>
</testsuite> <!-- com.innovationcu.TestCases.Login_TC -->
