<?xml version="1.0" encoding="UTF-8"?>
<!-- Generated by org.testng.reporters.JUnitReportReporter -->
<testsuite hostname="Godzilla-ASUSDesktop" failures="0" tests="1" name="com.innovationcu.TestCases.LandingPage_TC" time="7.237" errors="0" timestamp="2023-11-06T16:52:05 MST" skipped="0">
  <testcase classname="com.innovationcu.TestCases.LandingPage_TC" name="clickLink_Test1" time="7.237"/>
  <system-out/>
</testsuite> <!-- com.innovationcu.TestCases.LandingPage_TC -->
