<?xml version="1.0" encoding="UTF-8"?>
<!-- Generated by org.testng.reporters.JUnitReportReporter -->
<testsuite hostname="Godzilla-ASUSDesktop" failures="0" tests="1" name="com.eCommStore.TestCases.addNewCustNotUseSrchBtn_TC3" time="61.682" errors="0" timestamp="2023-11-17T09:56:08 MST" skipped="0">
  <testcase classname="com.eCommStore.TestCases.addNewCustNotUseSrchBtn_TC3" name="addNewCustomer_Test" time="61.682"/>
  <system-out/>
</testsuite> <!-- com.eCommStore.TestCases.addNewCustNotUseSrchBtn_TC3 -->
