<?xml version="1.0" encoding="UTF-8"?>
<!-- Generated by org.testng.reporters.JUnitReportReporter -->
<testsuite hostname="Godzilla-ASUSDesktop" failures="0" tests="1" name="com.innovationcu.TestCases.LandingLinks_TC" time="10.847" errors="0" timestamp="2023-11-02T21:51:12 MDT" skipped="0">
  <testcase classname="com.innovationcu.TestCases.LandingLinks_TC" name="OpenLinks_Test" time="10.847"/>
  <system-out/>
</testsuite> <!-- com.innovationcu.TestCases.LandingLinks_TC -->
