<?xml version="1.0" encoding="UTF-8"?>
<!-- Generated by org.testng.reporters.JUnitReportReporter -->
<testsuite hostname="Godzilla-ASUSDesktop" failures="0" tests="1" name="com.innovationcu.Tests.LandingPage_TC" time="3.286" errors="0" timestamp="2023-09-24T00:37:41 MDT" skipped="0">
  <testcase classname="com.innovationcu.Tests.LandingPage_TC" name="clickLink_Test" time="3.286"/>
  <system-out/>
</testsuite> <!-- com.innovationcu.Tests.LandingPage_TC -->
