<?xml version="1.0" encoding="UTF-8"?>
<!-- Generated by org.testng.reporters.JUnitReportReporter -->
<testsuite hostname="Godzilla-ASUSDesktop" failures="0" tests="1" name="com.eCommStore.TestCases.addNewCustandEdit_TC5" time="72.787" errors="0" timestamp="2023-11-17T09:56:08 MST" skipped="0">
  <testcase classname="com.eCommStore.TestCases.addNewCustandEdit_TC5" name="addNewCustomer_Test" time="72.787"/>
  <system-out/>
</testsuite> <!-- com.eCommStore.TestCases.addNewCustandEdit_TC5 -->
