<?xml version="1.0" encoding="UTF-8"?>
<!-- Generated by org.testng.reporters.JUnitReportReporter -->
<testsuite hostname="Godzilla-ASUSDesktop" failures="0" tests="1" name="com.eCommStore.TestCases.Login_TC2" time="5.417" errors="0" timestamp="2023-11-17T09:56:08 MST" skipped="0">
  <testcase classname="com.eCommStore.TestCases.Login_TC2" name="LoginPage_Test" time="5.417"/>
  <system-out/>
</testsuite> <!-- com.eCommStore.TestCases.Login_TC2 -->
