<?xml version="1.0" encoding="UTF-8"?>
<!-- Generated by org.testng.reporters.JUnitReportReporter -->
<testsuite hostname="Godzilla-ASUSDesktop" failures="0" tests="1" name="com.innovationcu.TestCases.Login_TC" time="12.882" errors="0" timestamp="2023-11-13T16:36:41 MST" skipped="0">
  <testcase classname="com.innovationcu.TestCases.Login_TC" name="LoginPage_Test" time="12.882"/>
  <system-out/>
</testsuite> <!-- com.innovationcu.TestCases.Login_TC -->
