<?xml version="1.0" encoding="UTF-8"?>
<!-- Generated by org.testng.reporters.JUnitReportReporter -->
<testsuite hostname="Godzilla-ASUSDesktop" failures="0" tests="1" name="com.innovationcu.TestCases.Login_TC" time="10.918" errors="0" timestamp="2023-09-26T09:49:20 MDT" skipped="0">
  <testcase classname="com.innovationcu.TestCases.Login_TC" name="LoginPage_Test" time="10.918"/>
  <system-out/>
</testsuite> <!-- com.innovationcu.TestCases.Login_TC -->
