<?xml version="1.0" encoding="UTF-8"?>
<!-- Generated by org.testng.reporters.JUnitReportReporter -->
<testsuite hostname="Godzilla-ASUSDesktop" failures="0" tests="1" name="com.eCommStore.TestCases.Login_TC" time="7.116" errors="0" timestamp="2023-11-15T19:19:09 MST" skipped="0">
  <testcase classname="com.eCommStore.TestCases.Login_TC" name="LoginPage_Test" time="7.116"/>
  <system-out/>
</testsuite> <!-- com.eCommStore.TestCases.Login_TC -->
