<?xml version="1.0" encoding="UTF-8"?>
<!-- Generated by org.testng.reporters.JUnitReportReporter -->
<testsuite hostname="Godzilla-ASUSDesktop" failures="0" tests="2" name="com.innovationcu.TestCases.LandingPage_TC" time="13.293" errors="0" timestamp="2023-09-26T08:55:57 MDT" skipped="0">
  <testcase classname="com.innovationcu.TestCases.LandingPage_TC" name="clickLink_Test2" time="7.302"/>
  <system-out/>
  <testcase classname="com.innovationcu.TestCases.LandingPage_TC" name="clickLink_Test3" time="5.991"/>
  <system-out/>
</testsuite> <!-- com.innovationcu.TestCases.LandingPage_TC -->
