<?xml version="1.0" encoding="UTF-8"?>
<!-- Generated by org.testng.reporters.JUnitReportReporter -->
<testsuite hostname="Godzilla-ASUSDesktop" failures="0" tests="2" name="com.innovationcu.TestCases.Login_TC" time="25.614" errors="0" timestamp="2023-09-26T08:55:57 MDT" skipped="0">
  <testcase classname="com.innovationcu.TestCases.Login_TC" name="LoginPage_Test" time="13.475"/>
  <system-out/>
  <testcase classname="com.innovationcu.TestCases.Login_TC" name="openCredentialwebsite_Test" time="12.139"/>
  <system-out/>
</testsuite> <!-- com.innovationcu.TestCases.Login_TC -->
