<?xml version="1.0" encoding="UTF-8"?>
<!-- Generated by org.testng.reporters.JUnitReportReporter -->
<testsuite hostname="Godzilla-ASUSDesktop" failures="0" tests="2" name="com.innovationcu.TestCases.Login_TC" time="25.824" errors="0" timestamp="2023-09-26T09:06:46 MDT" skipped="0">
  <testcase classname="com.innovationcu.TestCases.Login_TC" name="openCredentialwebsite_Test" time="12.919"/>
  <system-out/>
  <testcase classname="com.innovationcu.TestCases.Login_TC" name="LoginPage_Test" time="12.905"/>
  <system-out/>
</testsuite> <!-- com.innovationcu.TestCases.Login_TC -->
