<?xml version="1.0" encoding="UTF-8"?>
<!-- Generated by org.testng.reporters.JUnitReportReporter -->
<testsuite hostname="Godzilla-ASUSDesktop" failures="0" tests="1" name="com.innovationcu.TestCases.LandingLinks_TC" time="6.503" errors="0" timestamp="2023-09-26T10:14:04 MDT" skipped="0">
  <testcase classname="com.innovationcu.TestCases.LandingLinks_TC" name="OpenLinks_Test" time="6.503"/>
  <system-out/>
</testsuite> <!-- com.innovationcu.TestCases.LandingLinks_TC -->
