<?xml version="1.0" encoding="UTF-8"?>
<!-- Generated by org.testng.reporters.JUnitReportReporter -->
<testsuite hostname="Godzilla-ASUSDesktop" failures="0" tests="1" name="com.innovationcu.TestCases.Credential_TC" time="12.062" errors="0" timestamp="2023-09-26T10:14:05 MDT" skipped="0">
  <testcase classname="com.innovationcu.TestCases.Credential_TC" name="openCredentialwebsite_Test" time="12.062"/>
  <system-out/>
</testsuite> <!-- com.innovationcu.TestCases.Credential_TC -->
